-0.172978   0.267236   -0.421688
-0.327921   -0.477989   -0.341949
0.0548988   -0.397663   -0.221338
-0.271653   0.431922   0.201949
-0.122952   0.45624   0.0172526
0.253343   -0.132344   0.372308
0.456854   -0.287907   -0.287638
0.379899   -0.223853   -0.265761
0.282784   0.295777   -0.414722
0.174929   -0.441287   0.0791568
-0.262888   -0.0505459   -0.25582
0.176218   -0.0535718   -0.234993
-0.450447   0.219232   0.454181
0.487067   0.0490683   -0.114091
-0.264515   -0.384511   -0.471765
0.0976518   -0.379597   0.295732
0.123917   -0.0161641   -0.15826
-0.290067   0.219196   0.297159
0.393584   -0.160433   -0.202067
-0.362021   0.496226   0.39456
0.426771   -0.241023   0.293001
-0.208384   -0.339626   -0.263779
0.330391   0.0971223   0.461777
0.081441   0.0870293   0.216791
0.101121   -0.146337   -0.0468832
-0.0222072   -0.422089   0.0278553
-0.324193   -0.265789   -0.0930954
-0.214527   0.121474   0.300481
-0.372448   0.417963   0.0238605
0.463296   0.0420147   0.135621
0.0770393   0.281895   0.280635
0.308909   -0.248805   0.445311
-0.118501   0.200683   0.308136
0.2824   0.173626   0.324501
-0.365185   -0.044339   0.340928
-0.347362   0.244538   -0.00353784
0.250357   0.0398067   0.403841
-0.101699   -0.0828265   -0.249325
-0.267073   0.354452   -0.0704001
-0.248957   0.133205   0.374259
-0.111477   -0.0323418   -0.177647
0.0942345   -0.0989216   -0.242519
-0.0460399   -0.222654   0.334133
-0.0560374   0.110945   0.424046
0.308248   -0.0724852   -0.173495
-0.495608   0.351644   -0.0633903
-0.0111972   -0.147635   0.309668
-0.376775   0.391994   0.137411
0.348645   -0.479451   0.31059
0.199921   -0.460164   0.46643
0.420385   -0.27458   -0.36301
0.1155   0.177622   -0.193841
-0.27189   0.120052   0.197029
0.128871   0.456529   0.2402
0.359945   -0.236924   -0.469467
-0.111051   0.121828   0.351378
0.340175   -0.0622062   -0.0925805
0.221671   0.273624   -0.475729
-0.37351   0.112806   -0.114409
0.273107   0.102883   -0.0620753
0.287817   0.461344   -0.296104
-0.367876   -0.416127   -0.220982
0.345645   -0.0380307   -0.457983
0.115102   0.102301   -0.353271
0.220442   0.248643   0.3113
0.169181   -0.266956   -0.178678
-0.448857   0.129667   0.0633161
0.180373   0.303203   0.0662628
-0.042482   0.124467   0.112681
0.32678   0.184891   -0.0763422
0.277571   -0.278474   0.222932
-0.496119   -0.198674   0.211374
0.112425   -0.244169   -0.449639
0.140584   0.250174   -0.367714
-0.0882769   -0.204551   0.0119036
0.480385   -0.440602   -0.328246
0.354075   0.231207   0.337931
-0.234602   0.0136448   0.246753
0.167326   0.0111613   -0.307387
0.453764   0.193969   -0.15728
0.136477   0.422605   -0.293333
-0.250809   0.455771   -0.0683198
0.154755   0.160357   0.32056
0.233777   0.443547   0.104238
-0.292892   0.0517488   0.438308
0.405811   0.245384   -0.0229113
0.411559   -0.497682   0.0568039
-0.375109   -0.329792   0.460905
0.452393   -0.245206   0.392057
-0.00805999   -0.25285   0.036238
0.411542   0.0270266   -0.426891
0.405493   0.261231   -0.106106
-0.0850345   0.324611   0.277861
0.120723   -0.421806   0.362386
-0.147264   -0.0594427   0.3462
0.0147557   0.145925   -0.169168
0.436749   -0.326372   0.0190531
0.121054   -0.155079   -0.129256
-0.207894   0.191257   -0.111448
-0.0819233   -0.165677   0.114868
-0.342299   -0.472108   0.0120336
0.399907   -0.423282   0.020633
0.131503   -0.383663   -0.198377
0.364573   -0.00402888   -0.267089
-0.405501   0.280058   -0.256983
0.456548   0.44445   -0.219289
-0.470789   0.265153   -0.454897
0.0125459   -0.113928   0.0963913
