1.00825   -1.75751   0.61874
-1.63488   -1.31134   -0.730116
-1.71858   -1.92178   -0.143998
-0.868761   -0.921609   0.446815
0.5422   -0.230237   -0.340816
-1.93493   -1.15088   -2.12794
-1.23484   0.0259752   0.624355
0.928194   -0.371854   -0.115904
-0.444898   -0.292714   -0.99341
-0.710826   1.08824   -1.73375
0.808303   1.54949   -0.338334
1.09761   1.8941   -0.360146
-0.234543   0.934797   2.32734
-0.44494   -0.573834   0.424023
0.558752   0.107787   0.112366
-0.868698   0.492535   1.76118
0.421161   0.789312   -0.210571
0.245466   0.337806   -1.84668
2.48459   3.55188   -2.54881
1.0065   -0.651149   1.29298
-1.61699   -0.103633   0.627085
-0.878495   -0.0136339   0.810636
-1.42346   1.1544   1.08793
1.24983   0.436412   -0.875917
0.0383789   -2.43032   -0.834817
0.473618   1.17528   1.63896
0.19492   -0.440735   1.96796
1.10841   -1.93173   -0.679034
-0.547913   -0.0103357   0.61072
0.449912   -1.27141   0.932835
-0.782185   1.0987   -2.39885
-0.15929   -0.174267   0.198677
-0.806304   -0.0673638   1.70293
0.406934   0.543846   -1.85144
0.062925   -1.23423   -0.4187
0.872373   0.162887   -2.68922
0.807103   -0.33521   1.17359
0.488584   -1.3661   0.196017
-0.751428   0.170817   1.46537
1.31276   1.03028   1.03477
-1.67007   0.171696   -0.785546
0.299416   1.90943   0.45584
-1.7508   -0.609093   1.27911
-0.0356271   -0.34249   0.306754
-1.28503   0.705062   1.30388
-0.746402   -0.157912   0.109088
1.14391   0.333501   -1.69799
0.68552   -0.660021   0.182791
-0.23626   0.268441   0.04739
-0.120606   0.677006   0.109155
0.744226   -0.143007   0.429593
-0.959883   1.05121   2.9924
0.441131   0.291838   1.93251
1.64337   1.68937   -1.39146
-0.955553   -0.275851   -0.599409
-0.0751582   -0.401816   1.32421
0.98742   -2.02367   -0.735144
-0.322542   -1.73769   0.329789
0.896262   1.09591   -2.99309
0.172218   -0.288071   -0.338148
-0.491061   0.124473   -1.40955
0.865837   1.25057   0.0766143
-1.42395   -0.342609   0.9414
0.161707   0.430831   -0.801071
-0.603378   -0.492644   -0.907107
1.3385   1.64732   -2.2574
0.142973   -0.475942   0.933131
0.940274   -2.5534   1.0098
-0.0185072   0.0306876   0.36136
-0.203721   0.631546   -0.288673
0.26557   -0.499646   1.26549
1.32608   2.07253   -0.122704
0.824157   -1.77009   -1.25681
0.0718408   0.698116   -0.135598
0.588069   2.6385   0.309907
0.544352   -0.931827   -1.0927
-0.18433   0.179461   -0.925964
1.83474   0.21781   0.454441
-0.669332   1.10449   0.353635
0.235968   1.22279   2.00729
-1.36486   1.16314   -2.01826
-0.206   -0.935715   1.41512
-1.743   -0.4097   1.49169
0.683478   2.01321   0.896953
1.10701   -0.626423   0.648407
2.91482   2.04322   -0.976669
-1.55699   -0.104104   1.26953
-1.22503   -1.69099   0.700829
1.63482   -0.122392   1.54684
-2.38181   -1.3092   -0.450743
1.80385   -0.304711   1.50017
-0.0748937   -0.79946   -0.625077
-0.288626   -0.573491   -0.297414
-1.66414   0.0432146   0.743064
0.224936   -1.75882   -0.227729
0.839092   0.0434919   -3.00573
-1.17261   1.08949   0.32583
-0.33962   0.828446   -0.978737
-0.937507   -0.806477   1.26833
1.53004   -2.78522   -0.142432
-1.51608   -0.322721   1.63405
-1.01148   -1.47637   -1.51422
-0.315961   -0.697927   -2.77197
-1.62088   0.733755   -1.26179
1.89022   0.659049   -0.89067
0.78852   1.4591   1.42199
0.366515   0.384839   -0.858193
-0.269976   -0.456775   0.562889
