-0.384897   0.302564   0.400042
-0.396904   -0.326137   0.257618
-0.444822   -0.0204375   0.455276
-0.0531076   0.100049   -0.0548967
-0.388098   0.204634   -0.372735
0.364104   0.251565   -0.225126
0.263847   -0.32311   0.29972
-0.290786   -0.369303   -0.437357
0.195848   -0.0718775   -0.0352316
0.0613935   -0.428551   -0.266733
0.167788   -0.307473   0.228076
0.464129   -0.232903   0.0484079
-0.0484803   -0.312188   -0.0532022
-0.458431   0.144811   -0.104568
-0.363241   0.0650696   0.249962
0.282643   0.255393   -0.12446
-0.200916   -0.120899   0.471655
0.460228   -0.438394   -0.0234578
-0.162787   -0.336247   0.150147
0.166447   0.434989   0.149887
0.332611   0.0427405   0.067393
0.370446   -0.49701   0.339529
0.257416   -0.416496   -0.488092
-0.214492   -0.444081   -0.0781975
-0.124236   -0.207998   0.142596
-0.202507   0.147723   0.0525198
-0.447484   -0.398217   -0.370335
0.291187   -0.105114   0.377411
-0.104366   0.47119   -0.272905
-0.287882   -0.284833   0.00675411
-0.176286   0.259896   0.088646
-0.0498612   0.0132506   0.053914
-0.333183   0.4726   0.324854
-0.274617   0.114685   -0.3002
-0.288168   0.0435834   -0.235617
-0.455114   0.0847531   -0.00556374
0.31588   0.137012   -0.0592134
0.0801163   -0.0579913   0.49077
0.17461   0.0982151   -0.130941
0.19848   -0.075795   -0.378062
0.448319   0.284001   -0.215754
-0.296253   -0.184259   0.00688472
0.340207   0.24954   0.15669
-0.289148   -0.108939   0.289608
0.203707   -0.442238   0.157612
-0.285043   0.11547   -0.422881
0.440968   -0.169733   0.109624
0.195789   -0.25324   0.351336
-0.23192   0.083477   0.405198
-0.42636   -0.343404   -0.287443
0.370976   -0.069982   0.2421
0.191375   -0.442528   0.386919
-0.223536   0.42996   -0.42931
0.276543   -0.0931495   -0.398588
0.381733   0.366512   -0.272018
-0.0857282   -0.260104   0.338119
0.240362   0.310976   0.160555
0.102133   -0.32938   -0.468023
0.29863   0.197681   0.347393
0.397896   0.283106   -0.293801
0.199731   -0.0341296   -0.113354
0.0586001   -0.458014   0.359478
0.415878   0.0668485   0.128258
-0.261553   0.240235   -0.460716
-0.198849   0.0331628   -0.310857
0.307343   -0.0291421   -0.299816
0.246317   -0.356679   -0.180174
0.247791   -0.330727   -0.293235
0.181199   -0.416962   0.254192
-0.018109   0.352681   -0.0637937
-0.293855   0.36313   -0.357371
0.202447   0.392862   0.219719
-0.491565   0.312256   -0.0793921
0.397522   -0.333453   0.340483
-0.128826   -0.440828   -0.366795
0.365817   -0.0756588   -0.417688
-0.169761   -0.412932   0.335948
0.0817341   -0.468154   0.452945
-0.477873   0.313528   0.252491
0.102906   -0.296293   0.00572177
0.360266   -0.285845   0.290577
0.0822171   -0.237393   0.490958
0.287276   -0.006466   -0.387593
-0.0541464   -0.188457   0.465111
0.0160672   -0.479353   -0.350634
-0.148075   -0.437024   -0.290519
0.0713909   0.136961   -0.227232
0.305308   -0.0372709   -0.200945
0.393634   -0.322335   -0.312349
-0.389735   -0.302926   -0.41777
-0.398934   -0.0823959   0.324652
-0.00832041   0.0953098   -0.477115
0.111457   -0.148352   0.218465
0.00152381   0.167435   -0.0183254
-0.253769   0.461937   -0.220477
-0.398703   0.214629   -0.0187721
0.32957   0.234716   -0.295703
-0.110416   0.129797   0.0377176
0.234437   0.169297   0.418246
-0.305681   0.268956   -0.228237
0.225091   -0.394292   -0.255385
-0.424967   -0.104234   0.441475
-0.420926   0.0186152   0.0655285
0.205862   0.178652   -0.122698
0.342446   0.408137   0.297181
0.397335   -0.0852542   -0.263052
0.0186151   -0.249899   -0.204863
0.417158   -0.038106   0.0331666
