1.17841   -0.102962   0.980431
0.849718   -1.14781   -0.592198
0.00395821   -0.888517   0.118876
0.810121   2.88533   -0.882689
-1.82158   0.0283911   -0.178811
-0.685166   -1.34607   0.683266
-0.0512579   1.28281   0.436445
1.05679   0.70389   0.501495
0.658912   1.31676   -0.716438
-0.742982   1.62124   -1.18751
-0.626539   0.625988   -1.78523
1.00542   0.0868645   -2.84252
0.943129   0.858435   2.84129
-1.26548   0.857556   3.37591
-0.321021   -0.639884   -0.165081
-0.0552973   1.01414   -1.25994
0.464052   1.4809   -0.638392
2.5426   -0.644453   -1.66311
0.00509816   -0.867112   -1.6668
-0.590856   -0.702795   0.673792
-1.4554   -1.19981   0.196004
1.19762   0.653519   1.58761
1.94701   -1.16873   0.532836
2.09199   1.27043   0.441853
0.505162   1.1748   -0.109953
0.494611   -1.05711   0.565811
1.7323   -1.60024   0.35048
0.403094   0.916271   0.131462
-1.59062   0.568064   -0.0466825
0.147987   -0.524355   -2.21681
-1.81306   0.651332   1.10279
2.04254   -0.0202059   -0.609084
-1.40998   0.462769   -0.507369
0.50958   -1.95261   0.43983
-2.33442   0.632656   -1.72061
-0.520679   -0.71193   -2.84616
0.155393   -1.57718   1.23997
-0.270367   0.59552   -0.144132
-1.49866   0.537903   -0.00715567
0.309016   -0.592133   1.96826
1.05825   -0.746999   1.35134
0.714666   2.20949   0.119398
0.354829   0.0621908   -1.21875
-1.50684   1.88619   -0.186729
-1.74996   -1.07674   0.387553
1.2806   0.905212   -0.0363666
0.875453   -1.42302   0.743357
-0.839142   -2.43654   0.0419697
-0.953988   -0.115486   -0.0818311
-2.73995   0.0878538   -1.62575
1.43608   -0.571162   1.01713
-0.818508   1.39343   1.06984
-0.153945   -1.13378   0.443087
1.23259   2.23306   -1.48934
-0.67713   -1.87983   -1.71521
-0.0288875   0.0216458   1.20247
-0.392521   -0.794216   -3.48049
-0.326196   0.557161   -0.708036
-0.540843   2.10897   -0.541817
0.72236   -1.42793   -0.515106
0.893332   0.741291   -0.100927
1.43712   -3.59237   1.10516
1.67767   0.600286   0.00474801
-0.0849123   2.29543   -0.579065
-0.140388   0.111626   0.569823
0.866376   -0.301728   -0.917134
-1.02953   -0.786217   -1.07105
-1.1477   -1.2728   0.650087
1.38072   -0.135732   2.26164
-0.458214   -0.638738   -0.186055
-1.64382   0.917367   -0.200433
-0.450334   0.179705   -2.56086
-0.508654   1.14144   1.46515
-0.879042   0.291659   0.458252
-0.838676   0.650469   0.916952
1.35449   -1.39864   -0.793864
-1.27755   1.06821   0.247039
-1.24902   0.749568   -0.333821
-1.40953   1.1813   0.825034
0.502613   0.377515   0.777733
0.0241407   -0.96102   -1.52397
0.0316373   0.425272   0.610906
0.527047   -1.91127   -2.44878
-1.72872   0.361794   0.403436
0.733291   -3.69352   -1.49463
0.796722   -1.01195   -1.74657
0.566586   -0.62137   0.563215
-2.21729   0.27183   -0.177576
0.627179   0.375513   -2.03316
0.337451   0.553838   -0.298781
1.35051   -0.0941174   0.182247
-0.325001   -1.40943   1.31068
1.27034   -0.847974   -0.822609
1.82711   0.0568455   -0.018445
3.22919   -0.824271   2.05993
0.531456   -1.14825   -0.267566
-0.90653   2.21337   -0.389225
0.156324   0.932259   0.56993
-1.01914   0.180273   1.31807
0.640899   1.55583   1.71955
0.985634   0.234038   0.879685
-0.739521   -2.13497   1.28444
-2.75229   -0.275712   2.38097
0.449281   -0.15024   0.91561
0.625945   0.860028   -0.123196
-1.04296   1.63411   0.45507
-0.84647   -0.295052   2.35861
-1.07582   0.203351   0.635274
